<?xml version="1.0" encoding="UTF-8"?>
<testsuite xmlns:xsi="http://www.w3.org/2001/XMLSchema-instance" xsi:noNamespaceSchemaLocation="https://maven.apache.org/surefire/maven-surefire-plugin/xsd/surefire-test-report-3.0.xsd" version="3.0" name="com.shadaan.pub_sub.PubSubApplicationTests" time="4.81" tests="1" errors="0" skipped="0" failures="0">
  <properties>
    <property name="java.specification.version" value="17"/>
    <property name="sun.jnu.encoding" value="UTF-8"/>
    <property name="java.class.path" value="/home/shadaan5212/Downloads/pub-sub/target/test-classes:/home/shadaan5212/Downloads/pub-sub/target/classes:/home/shadaan5212/.m2/repository/org/springframework/boot/spring-boot-starter-web/3.3.2/spring-boot-starter-web-3.3.2.jar:/home/shadaan5212/.m2/repository/org/springframework/boot/spring-boot-starter/3.3.2/spring-boot-starter-3.3.2.jar:/home/shadaan5212/.m2/repository/org/springframework/boot/spring-boot/3.3.2/spring-boot-3.3.2.jar:/home/shadaan5212/.m2/repository/org/springframework/boot/spring-boot-autoconfigure/3.3.2/spring-boot-autoconfigure-3.3.2.jar:/home/shadaan5212/.m2/repository/org/springframework/boot/spring-boot-starter-logging/3.3.2/spring-boot-starter-logging-3.3.2.jar:/home/shadaan5212/.m2/repository/ch/qos/logback/logback-classic/1.5.6/logback-classic-1.5.6.jar:/home/shadaan5212/.m2/repository/ch/qos/logback/logback-core/1.5.6/logback-core-1.5.6.jar:/home/shadaan5212/.m2/repository/org/apache/logging/log4j/log4j-to-slf4j/2.23.1/log4j-to-slf4j-2.23.1.jar:/home/shadaan5212/.m2/repository/org/apache/logging/log4j/log4j-api/2.23.1/log4j-api-2.23.1.jar:/home/shadaan5212/.m2/repository/org/slf4j/jul-to-slf4j/2.0.13/jul-to-slf4j-2.0.13.jar:/home/shadaan5212/.m2/repository/jakarta/annotation/jakarta.annotation-api/2.1.1/jakarta.annotation-api-2.1.1.jar:/home/shadaan5212/.m2/repository/org/yaml/snakeyaml/2.2/snakeyaml-2.2.jar:/home/shadaan5212/.m2/repository/org/springframework/boot/spring-boot-starter-json/3.3.2/spring-boot-starter-json-3.3.2.jar:/home/shadaan5212/.m2/repository/com/fasterxml/jackson/core/jackson-databind/2.17.2/jackson-databind-2.17.2.jar:/home/shadaan5212/.m2/repository/com/fasterxml/jackson/datatype/jackson-datatype-jdk8/2.17.2/jackson-datatype-jdk8-2.17.2.jar:/home/shadaan5212/.m2/repository/com/fasterxml/jackson/module/jackson-module-parameter-names/2.17.2/jackson-module-parameter-names-2.17.2.jar:/home/shadaan5212/.m2/repository/org/springframework/boot/spring-boot-starter-tomcat/3.3.2/spring-boot-starter-tomcat-3.3.2.jar:/home/shadaan5212/.m2/repository/org/apache/tomcat/embed/tomcat-embed-core/10.1.26/tomcat-embed-core-10.1.26.jar:/home/shadaan5212/.m2/repository/org/apache/tomcat/embed/tomcat-embed-el/10.1.26/tomcat-embed-el-10.1.26.jar:/home/shadaan5212/.m2/repository/org/apache/tomcat/embed/tomcat-embed-websocket/10.1.26/tomcat-embed-websocket-10.1.26.jar:/home/shadaan5212/.m2/repository/org/springframework/spring-web/6.1.11/spring-web-6.1.11.jar:/home/shadaan5212/.m2/repository/org/springframework/spring-beans/6.1.11/spring-beans-6.1.11.jar:/home/shadaan5212/.m2/repository/io/micrometer/micrometer-observation/1.13.2/micrometer-observation-1.13.2.jar:/home/shadaan5212/.m2/repository/io/micrometer/micrometer-commons/1.13.2/micrometer-commons-1.13.2.jar:/home/shadaan5212/.m2/repository/org/springframework/spring-webmvc/6.1.11/spring-webmvc-6.1.11.jar:/home/shadaan5212/.m2/repository/org/springframework/spring-aop/6.1.11/spring-aop-6.1.11.jar:/home/shadaan5212/.m2/repository/org/springframework/spring-context/6.1.11/spring-context-6.1.11.jar:/home/shadaan5212/.m2/repository/org/springframework/spring-expression/6.1.11/spring-expression-6.1.11.jar:/home/shadaan5212/.m2/repository/org/springframework/cloud/spring-cloud-stream/4.1.3/spring-cloud-stream-4.1.3.jar:/home/shadaan5212/.m2/repository/org/springframework/boot/spring-boot-starter-validation/3.3.2/spring-boot-starter-validation-3.3.2.jar:/home/shadaan5212/.m2/repository/org/hibernate/validator/hibernate-validator/8.0.1.Final/hibernate-validator-8.0.1.Final.jar:/home/shadaan5212/.m2/repository/jakarta/validation/jakarta.validation-api/3.0.2/jakarta.validation-api-3.0.2.jar:/home/shadaan5212/.m2/repository/org/jboss/logging/jboss-logging/3.5.3.Final/jboss-logging-3.5.3.Final.jar:/home/shadaan5212/.m2/repository/com/fasterxml/classmate/1.7.0/classmate-1.7.0.jar:/home/shadaan5212/.m2/repository/org/springframework/spring-messaging/6.1.11/spring-messaging-6.1.11.jar:/home/shadaan5212/.m2/repository/org/springframework/integration/spring-integration-core/6.3.2/spring-integration-core-6.3.2.jar:/home/shadaan5212/.m2/repository/org/springframework/spring-tx/6.1.11/spring-tx-6.1.11.jar:/home/shadaan5212/.m2/repository/io/projectreactor/reactor-core/3.6.8/reactor-core-3.6.8.jar:/home/shadaan5212/.m2/repository/org/reactivestreams/reactive-streams/1.0.4/reactive-streams-1.0.4.jar:/home/shadaan5212/.m2/repository/org/springframework/integration/spring-integration-jmx/6.3.2/spring-integration-jmx-6.3.2.jar:/home/shadaan5212/.m2/repository/org/springframework/retry/spring-retry/2.0.7/spring-retry-2.0.7.jar:/home/shadaan5212/.m2/repository/org/springframework/cloud/spring-cloud-function-context/4.1.3/spring-cloud-function-context-4.1.3.jar:/home/shadaan5212/.m2/repository/net/jodah/typetools/0.6.2/typetools-0.6.2.jar:/home/shadaan5212/.m2/repository/org/springframework/cloud/spring-cloud-function-core/4.1.3/spring-cloud-function-core-4.1.3.jar:/home/shadaan5212/.m2/repository/org/json/json/20240303/json-20240303.jar:/home/shadaan5212/.m2/repository/org/jetbrains/kotlin/kotlin-stdlib-jdk8/1.9.24/kotlin-stdlib-jdk8-1.9.24.jar:/home/shadaan5212/.m2/repository/org/jetbrains/kotlin/kotlin-stdlib/1.9.24/kotlin-stdlib-1.9.24.jar:/home/shadaan5212/.m2/repository/org/jetbrains/annotations/13.0/annotations-13.0.jar:/home/shadaan5212/.m2/repository/org/jetbrains/kotlin/kotlin-stdlib-jdk7/1.9.24/kotlin-stdlib-jdk7-1.9.24.jar:/home/shadaan5212/.m2/repository/com/fasterxml/jackson/datatype/jackson-datatype-jsr310/2.17.2/jackson-datatype-jsr310-2.17.2.jar:/home/shadaan5212/.m2/repository/com/fasterxml/jackson/core/jackson-annotations/2.17.2/jackson-annotations-2.17.2.jar:/home/shadaan5212/.m2/repository/com/fasterxml/jackson/core/jackson-core/2.17.2/jackson-core-2.17.2.jar:/home/shadaan5212/.m2/repository/org/projectlombok/lombok/1.18.34/lombok-1.18.34.jar:/home/shadaan5212/.m2/repository/org/springframework/boot/spring-boot-starter-test/3.3.2/spring-boot-starter-test-3.3.2.jar:/home/shadaan5212/.m2/repository/org/springframework/boot/spring-boot-test/3.3.2/spring-boot-test-3.3.2.jar:/home/shadaan5212/.m2/repository/org/springframework/boot/spring-boot-test-autoconfigure/3.3.2/spring-boot-test-autoconfigure-3.3.2.jar:/home/shadaan5212/.m2/repository/com/jayway/jsonpath/json-path/2.9.0/json-path-2.9.0.jar:/home/shadaan5212/.m2/repository/org/slf4j/slf4j-api/2.0.13/slf4j-api-2.0.13.jar:/home/shadaan5212/.m2/repository/jakarta/xml/bind/jakarta.xml.bind-api/4.0.2/jakarta.xml.bind-api-4.0.2.jar:/home/shadaan5212/.m2/repository/jakarta/activation/jakarta.activation-api/2.1.3/jakarta.activation-api-2.1.3.jar:/home/shadaan5212/.m2/repository/net/minidev/json-smart/2.5.1/json-smart-2.5.1.jar:/home/shadaan5212/.m2/repository/net/minidev/accessors-smart/2.5.1/accessors-smart-2.5.1.jar:/home/shadaan5212/.m2/repository/org/ow2/asm/asm/9.6/asm-9.6.jar:/home/shadaan5212/.m2/repository/org/assertj/assertj-core/3.25.3/assertj-core-3.25.3.jar:/home/shadaan5212/.m2/repository/net/bytebuddy/byte-buddy/1.14.18/byte-buddy-1.14.18.jar:/home/shadaan5212/.m2/repository/org/awaitility/awaitility/4.2.1/awaitility-4.2.1.jar:/home/shadaan5212/.m2/repository/org/hamcrest/hamcrest/2.2/hamcrest-2.2.jar:/home/shadaan5212/.m2/repository/org/junit/jupiter/junit-jupiter/5.10.3/junit-jupiter-5.10.3.jar:/home/shadaan5212/.m2/repository/org/junit/jupiter/junit-jupiter-api/5.10.3/junit-jupiter-api-5.10.3.jar:/home/shadaan5212/.m2/repository/org/opentest4j/opentest4j/1.3.0/opentest4j-1.3.0.jar:/home/shadaan5212/.m2/repository/org/junit/platform/junit-platform-commons/1.10.3/junit-platform-commons-1.10.3.jar:/home/shadaan5212/.m2/repository/org/apiguardian/apiguardian-api/1.1.2/apiguardian-api-1.1.2.jar:/home/shadaan5212/.m2/repository/org/junit/jupiter/junit-jupiter-params/5.10.3/junit-jupiter-params-5.10.3.jar:/home/shadaan5212/.m2/repository/org/junit/jupiter/junit-jupiter-engine/5.10.3/junit-jupiter-engine-5.10.3.jar:/home/shadaan5212/.m2/repository/org/junit/platform/junit-platform-engine/1.10.3/junit-platform-engine-1.10.3.jar:/home/shadaan5212/.m2/repository/org/mockito/mockito-core/5.11.0/mockito-core-5.11.0.jar:/home/shadaan5212/.m2/repository/net/bytebuddy/byte-buddy-agent/1.14.18/byte-buddy-agent-1.14.18.jar:/home/shadaan5212/.m2/repository/org/objenesis/objenesis/3.3/objenesis-3.3.jar:/home/shadaan5212/.m2/repository/org/mockito/mockito-junit-jupiter/5.11.0/mockito-junit-jupiter-5.11.0.jar:/home/shadaan5212/.m2/repository/org/skyscreamer/jsonassert/1.5.3/jsonassert-1.5.3.jar:/home/shadaan5212/.m2/repository/com/vaadin/external/google/android-json/0.0.20131108.vaadin1/android-json-0.0.20131108.vaadin1.jar:/home/shadaan5212/.m2/repository/org/springframework/spring-core/6.1.11/spring-core-6.1.11.jar:/home/shadaan5212/.m2/repository/org/springframework/spring-jcl/6.1.11/spring-jcl-6.1.11.jar:/home/shadaan5212/.m2/repository/org/springframework/spring-test/6.1.11/spring-test-6.1.11.jar:/home/shadaan5212/.m2/repository/org/xmlunit/xmlunit-core/2.9.1/xmlunit-core-2.9.1.jar:/home/shadaan5212/.m2/repository/org/springframework/cloud/spring-cloud-stream-test-binder/4.1.3/spring-cloud-stream-test-binder-4.1.3.jar:"/>
    <property name="java.vm.vendor" value="Amazon.com Inc."/>
    <property name="sun.arch.data.model" value="64"/>
    <property name="java.vendor.url" value="https://aws.amazon.com/corretto/"/>
    <property name="user.timezone" value="Asia/Kolkata"/>
    <property name="org.jboss.logging.provider" value="slf4j"/>
    <property name="os.name" value="Linux"/>
    <property name="java.vm.specification.version" value="17"/>
    <property name="sun.java.launcher" value="SUN_STANDARD"/>
    <property name="user.country" value="IN"/>
    <property name="sun.boot.library.path" value="/home/shadaan5212/.jdks/corretto-17.0.10/lib"/>
    <property name="sun.java.command" value="/home/shadaan5212/Downloads/pub-sub/target/surefire/surefirebooter-20240727171816536_3.jar /home/shadaan5212/Downloads/pub-sub/target/surefire 2024-07-27T17-18-16_198-jvmRun1 surefire-20240727171816536_1tmp surefire_0-20240727171816536_2tmp"/>
    <property name="jdk.debug" value="release"/>
    <property name="surefire.test.class.path" value="/home/shadaan5212/Downloads/pub-sub/target/test-classes:/home/shadaan5212/Downloads/pub-sub/target/classes:/home/shadaan5212/.m2/repository/org/springframework/boot/spring-boot-starter-web/3.3.2/spring-boot-starter-web-3.3.2.jar:/home/shadaan5212/.m2/repository/org/springframework/boot/spring-boot-starter/3.3.2/spring-boot-starter-3.3.2.jar:/home/shadaan5212/.m2/repository/org/springframework/boot/spring-boot/3.3.2/spring-boot-3.3.2.jar:/home/shadaan5212/.m2/repository/org/springframework/boot/spring-boot-autoconfigure/3.3.2/spring-boot-autoconfigure-3.3.2.jar:/home/shadaan5212/.m2/repository/org/springframework/boot/spring-boot-starter-logging/3.3.2/spring-boot-starter-logging-3.3.2.jar:/home/shadaan5212/.m2/repository/ch/qos/logback/logback-classic/1.5.6/logback-classic-1.5.6.jar:/home/shadaan5212/.m2/repository/ch/qos/logback/logback-core/1.5.6/logback-core-1.5.6.jar:/home/shadaan5212/.m2/repository/org/apache/logging/log4j/log4j-to-slf4j/2.23.1/log4j-to-slf4j-2.23.1.jar:/home/shadaan5212/.m2/repository/org/apache/logging/log4j/log4j-api/2.23.1/log4j-api-2.23.1.jar:/home/shadaan5212/.m2/repository/org/slf4j/jul-to-slf4j/2.0.13/jul-to-slf4j-2.0.13.jar:/home/shadaan5212/.m2/repository/jakarta/annotation/jakarta.annotation-api/2.1.1/jakarta.annotation-api-2.1.1.jar:/home/shadaan5212/.m2/repository/org/yaml/snakeyaml/2.2/snakeyaml-2.2.jar:/home/shadaan5212/.m2/repository/org/springframework/boot/spring-boot-starter-json/3.3.2/spring-boot-starter-json-3.3.2.jar:/home/shadaan5212/.m2/repository/com/fasterxml/jackson/core/jackson-databind/2.17.2/jackson-databind-2.17.2.jar:/home/shadaan5212/.m2/repository/com/fasterxml/jackson/datatype/jackson-datatype-jdk8/2.17.2/jackson-datatype-jdk8-2.17.2.jar:/home/shadaan5212/.m2/repository/com/fasterxml/jackson/module/jackson-module-parameter-names/2.17.2/jackson-module-parameter-names-2.17.2.jar:/home/shadaan5212/.m2/repository/org/springframework/boot/spring-boot-starter-tomcat/3.3.2/spring-boot-starter-tomcat-3.3.2.jar:/home/shadaan5212/.m2/repository/org/apache/tomcat/embed/tomcat-embed-core/10.1.26/tomcat-embed-core-10.1.26.jar:/home/shadaan5212/.m2/repository/org/apache/tomcat/embed/tomcat-embed-el/10.1.26/tomcat-embed-el-10.1.26.jar:/home/shadaan5212/.m2/repository/org/apache/tomcat/embed/tomcat-embed-websocket/10.1.26/tomcat-embed-websocket-10.1.26.jar:/home/shadaan5212/.m2/repository/org/springframework/spring-web/6.1.11/spring-web-6.1.11.jar:/home/shadaan5212/.m2/repository/org/springframework/spring-beans/6.1.11/spring-beans-6.1.11.jar:/home/shadaan5212/.m2/repository/io/micrometer/micrometer-observation/1.13.2/micrometer-observation-1.13.2.jar:/home/shadaan5212/.m2/repository/io/micrometer/micrometer-commons/1.13.2/micrometer-commons-1.13.2.jar:/home/shadaan5212/.m2/repository/org/springframework/spring-webmvc/6.1.11/spring-webmvc-6.1.11.jar:/home/shadaan5212/.m2/repository/org/springframework/spring-aop/6.1.11/spring-aop-6.1.11.jar:/home/shadaan5212/.m2/repository/org/springframework/spring-context/6.1.11/spring-context-6.1.11.jar:/home/shadaan5212/.m2/repository/org/springframework/spring-expression/6.1.11/spring-expression-6.1.11.jar:/home/shadaan5212/.m2/repository/org/springframework/cloud/spring-cloud-stream/4.1.3/spring-cloud-stream-4.1.3.jar:/home/shadaan5212/.m2/repository/org/springframework/boot/spring-boot-starter-validation/3.3.2/spring-boot-starter-validation-3.3.2.jar:/home/shadaan5212/.m2/repository/org/hibernate/validator/hibernate-validator/8.0.1.Final/hibernate-validator-8.0.1.Final.jar:/home/shadaan5212/.m2/repository/jakarta/validation/jakarta.validation-api/3.0.2/jakarta.validation-api-3.0.2.jar:/home/shadaan5212/.m2/repository/org/jboss/logging/jboss-logging/3.5.3.Final/jboss-logging-3.5.3.Final.jar:/home/shadaan5212/.m2/repository/com/fasterxml/classmate/1.7.0/classmate-1.7.0.jar:/home/shadaan5212/.m2/repository/org/springframework/spring-messaging/6.1.11/spring-messaging-6.1.11.jar:/home/shadaan5212/.m2/repository/org/springframework/integration/spring-integration-core/6.3.2/spring-integration-core-6.3.2.jar:/home/shadaan5212/.m2/repository/org/springframework/spring-tx/6.1.11/spring-tx-6.1.11.jar:/home/shadaan5212/.m2/repository/io/projectreactor/reactor-core/3.6.8/reactor-core-3.6.8.jar:/home/shadaan5212/.m2/repository/org/reactivestreams/reactive-streams/1.0.4/reactive-streams-1.0.4.jar:/home/shadaan5212/.m2/repository/org/springframework/integration/spring-integration-jmx/6.3.2/spring-integration-jmx-6.3.2.jar:/home/shadaan5212/.m2/repository/org/springframework/retry/spring-retry/2.0.7/spring-retry-2.0.7.jar:/home/shadaan5212/.m2/repository/org/springframework/cloud/spring-cloud-function-context/4.1.3/spring-cloud-function-context-4.1.3.jar:/home/shadaan5212/.m2/repository/net/jodah/typetools/0.6.2/typetools-0.6.2.jar:/home/shadaan5212/.m2/repository/org/springframework/cloud/spring-cloud-function-core/4.1.3/spring-cloud-function-core-4.1.3.jar:/home/shadaan5212/.m2/repository/org/json/json/20240303/json-20240303.jar:/home/shadaan5212/.m2/repository/org/jetbrains/kotlin/kotlin-stdlib-jdk8/1.9.24/kotlin-stdlib-jdk8-1.9.24.jar:/home/shadaan5212/.m2/repository/org/jetbrains/kotlin/kotlin-stdlib/1.9.24/kotlin-stdlib-1.9.24.jar:/home/shadaan5212/.m2/repository/org/jetbrains/annotations/13.0/annotations-13.0.jar:/home/shadaan5212/.m2/repository/org/jetbrains/kotlin/kotlin-stdlib-jdk7/1.9.24/kotlin-stdlib-jdk7-1.9.24.jar:/home/shadaan5212/.m2/repository/com/fasterxml/jackson/datatype/jackson-datatype-jsr310/2.17.2/jackson-datatype-jsr310-2.17.2.jar:/home/shadaan5212/.m2/repository/com/fasterxml/jackson/core/jackson-annotations/2.17.2/jackson-annotations-2.17.2.jar:/home/shadaan5212/.m2/repository/com/fasterxml/jackson/core/jackson-core/2.17.2/jackson-core-2.17.2.jar:/home/shadaan5212/.m2/repository/org/projectlombok/lombok/1.18.34/lombok-1.18.34.jar:/home/shadaan5212/.m2/repository/org/springframework/boot/spring-boot-starter-test/3.3.2/spring-boot-starter-test-3.3.2.jar:/home/shadaan5212/.m2/repository/org/springframework/boot/spring-boot-test/3.3.2/spring-boot-test-3.3.2.jar:/home/shadaan5212/.m2/repository/org/springframework/boot/spring-boot-test-autoconfigure/3.3.2/spring-boot-test-autoconfigure-3.3.2.jar:/home/shadaan5212/.m2/repository/com/jayway/jsonpath/json-path/2.9.0/json-path-2.9.0.jar:/home/shadaan5212/.m2/repository/org/slf4j/slf4j-api/2.0.13/slf4j-api-2.0.13.jar:/home/shadaan5212/.m2/repository/jakarta/xml/bind/jakarta.xml.bind-api/4.0.2/jakarta.xml.bind-api-4.0.2.jar:/home/shadaan5212/.m2/repository/jakarta/activation/jakarta.activation-api/2.1.3/jakarta.activation-api-2.1.3.jar:/home/shadaan5212/.m2/repository/net/minidev/json-smart/2.5.1/json-smart-2.5.1.jar:/home/shadaan5212/.m2/repository/net/minidev/accessors-smart/2.5.1/accessors-smart-2.5.1.jar:/home/shadaan5212/.m2/repository/org/ow2/asm/asm/9.6/asm-9.6.jar:/home/shadaan5212/.m2/repository/org/assertj/assertj-core/3.25.3/assertj-core-3.25.3.jar:/home/shadaan5212/.m2/repository/net/bytebuddy/byte-buddy/1.14.18/byte-buddy-1.14.18.jar:/home/shadaan5212/.m2/repository/org/awaitility/awaitility/4.2.1/awaitility-4.2.1.jar:/home/shadaan5212/.m2/repository/org/hamcrest/hamcrest/2.2/hamcrest-2.2.jar:/home/shadaan5212/.m2/repository/org/junit/jupiter/junit-jupiter/5.10.3/junit-jupiter-5.10.3.jar:/home/shadaan5212/.m2/repository/org/junit/jupiter/junit-jupiter-api/5.10.3/junit-jupiter-api-5.10.3.jar:/home/shadaan5212/.m2/repository/org/opentest4j/opentest4j/1.3.0/opentest4j-1.3.0.jar:/home/shadaan5212/.m2/repository/org/junit/platform/junit-platform-commons/1.10.3/junit-platform-commons-1.10.3.jar:/home/shadaan5212/.m2/repository/org/apiguardian/apiguardian-api/1.1.2/apiguardian-api-1.1.2.jar:/home/shadaan5212/.m2/repository/org/junit/jupiter/junit-jupiter-params/5.10.3/junit-jupiter-params-5.10.3.jar:/home/shadaan5212/.m2/repository/org/junit/jupiter/junit-jupiter-engine/5.10.3/junit-jupiter-engine-5.10.3.jar:/home/shadaan5212/.m2/repository/org/junit/platform/junit-platform-engine/1.10.3/junit-platform-engine-1.10.3.jar:/home/shadaan5212/.m2/repository/org/mockito/mockito-core/5.11.0/mockito-core-5.11.0.jar:/home/shadaan5212/.m2/repository/net/bytebuddy/byte-buddy-agent/1.14.18/byte-buddy-agent-1.14.18.jar:/home/shadaan5212/.m2/repository/org/objenesis/objenesis/3.3/objenesis-3.3.jar:/home/shadaan5212/.m2/repository/org/mockito/mockito-junit-jupiter/5.11.0/mockito-junit-jupiter-5.11.0.jar:/home/shadaan5212/.m2/repository/org/skyscreamer/jsonassert/1.5.3/jsonassert-1.5.3.jar:/home/shadaan5212/.m2/repository/com/vaadin/external/google/android-json/0.0.20131108.vaadin1/android-json-0.0.20131108.vaadin1.jar:/home/shadaan5212/.m2/repository/org/springframework/spring-core/6.1.11/spring-core-6.1.11.jar:/home/shadaan5212/.m2/repository/org/springframework/spring-jcl/6.1.11/spring-jcl-6.1.11.jar:/home/shadaan5212/.m2/repository/org/springframework/spring-test/6.1.11/spring-test-6.1.11.jar:/home/shadaan5212/.m2/repository/org/xmlunit/xmlunit-core/2.9.1/xmlunit-core-2.9.1.jar:/home/shadaan5212/.m2/repository/org/springframework/cloud/spring-cloud-stream-test-binder/4.1.3/spring-cloud-stream-test-binder-4.1.3.jar:"/>
    <property name="sun.cpu.endian" value="little"/>
    <property name="user.home" value="/home/shadaan5212"/>
    <property name="user.language" value="en"/>
    <property name="java.specification.vendor" value="Oracle Corporation"/>
    <property name="java.version.date" value="2024-01-16"/>
    <property name="java.home" value="/home/shadaan5212/.jdks/corretto-17.0.10"/>
    <property name="file.separator" value="/"/>
    <property name="basedir" value="/home/shadaan5212/Downloads/pub-sub"/>
    <property name="java.vm.compressedOopsMode" value="32-bit"/>
    <property name="line.separator" value="&#10;"/>
    <property name="java.specification.name" value="Java Platform API Specification"/>
    <property name="java.vm.specification.vendor" value="Oracle Corporation"/>
    <property name="FILE_LOG_CHARSET" value="UTF-8"/>
    <property name="java.awt.headless" value="true"/>
    <property name="surefire.real.class.path" value="/home/shadaan5212/Downloads/pub-sub/target/surefire/surefirebooter-20240727171816536_3.jar"/>
    <property name="sun.management.compiler" value="HotSpot 64-Bit Tiered Compilers"/>
    <property name="java.runtime.version" value="17.0.10+7-LTS"/>
    <property name="user.name" value="shadaan5212"/>
    <property name="path.separator" value=":"/>
    <property name="os.version" value="5.4.0-62-generic"/>
    <property name="java.runtime.name" value="OpenJDK Runtime Environment"/>
    <property name="file.encoding" value="UTF-8"/>
    <property name="java.vm.name" value="OpenJDK 64-Bit Server VM"/>
    <property name="java.vendor.version" value="Corretto-17.0.10.7.1"/>
    <property name="localRepository" value="/home/shadaan5212/.m2/repository"/>
    <property name="java.vendor.url.bug" value="https://github.com/corretto/corretto-17/issues/"/>
    <property name="java.io.tmpdir" value="/tmp"/>
    <property name="idea.version" value="2023.2.3"/>
    <property name="java.version" value="17.0.10"/>
    <property name="user.dir" value="/home/shadaan5212/Downloads/pub-sub"/>
    <property name="os.arch" value="amd64"/>
    <property name="java.vm.specification.name" value="Java Virtual Machine Specification"/>
    <property name="PID" value="229626"/>
    <property name="CONSOLE_LOG_CHARSET" value="UTF-8"/>
    <property name="native.encoding" value="UTF-8"/>
    <property name="java.library.path" value="/usr/java/packages/lib:/usr/lib64:/lib64:/lib:/usr/lib"/>
    <property name="java.vm.info" value="mixed mode, sharing"/>
    <property name="java.vendor" value="Amazon.com Inc."/>
    <property name="java.vm.version" value="17.0.10+7-LTS"/>
    <property name="sun.io.unicode.encoding" value="UnicodeLittle"/>
    <property name="java.class.version" value="61.0"/>
    <property name="LOGGED_APPLICATION_NAME" value="[pub-sub] "/>
  </properties>
  <testcase name="contextLoads" classname="com.shadaan.pub_sub.PubSubApplicationTests" time="1.017">
    <system-out><![CDATA[17:18:18.032 [main] INFO org.springframework.test.context.support.AnnotationConfigContextLoaderUtils -- Could not detect default configuration classes for test class [com.shadaan.pub_sub.PubSubApplicationTests]: PubSubApplicationTests does not declare any static, non-private, non-final, nested classes annotated with @Configuration.
17:18:18.256 [main] INFO org.springframework.boot.test.context.SpringBootTestContextBootstrapper -- Found @SpringBootConfiguration com.shadaan.pub_sub.PubSubApplication for test class com.shadaan.pub_sub.PubSubApplicationTests

  .   ____          _            __ _ _
 /\\ / ___'_ __ _ _(_)_ __  __ _ \ \ \ \
( ( )\___ | '_ | '_| | '_ \/ _` | \ \ \ \
 \\/  ___)| |_)| | | | | || (_| |  ) ) ) )
  '  |____| .__|_| |_|_| |_\__, | / / / /
 =========|_|==============|___/=/_/_/_/

 :: Spring Boot ::                (v3.3.2)

2024-07-27T17:18:19.054+05:30  WARN 229626 --- [pub-sub] [           main] ory$DuplicateJsonObjectContextCustomizer : 

Found multiple occurrences of org.json.JSONObject on the class path:

	jar:file:/home/shadaan5212/.m2/repository/org/json/json/20240303/json-20240303.jar!/org/json/JSONObject.class
	jar:file:/home/shadaan5212/.m2/repository/com/vaadin/external/google/android-json/0.0.20131108.vaadin1/android-json-0.0.20131108.vaadin1.jar!/org/json/JSONObject.class

You may wish to exclude one of them to ensure predictable runtime behavior

2024-07-27T17:18:19.073+05:30  INFO 229626 --- [pub-sub] [           main] c.s.pub_sub.PubSubApplicationTests       : Starting PubSubApplicationTests using Java 17.0.10 with PID 229626 (started by shadaan5212 in /home/shadaan5212/Downloads/pub-sub)
2024-07-27T17:18:19.074+05:30  INFO 229626 --- [pub-sub] [           main] c.s.pub_sub.PubSubApplicationTests       : No active profile set, falling back to 1 default profile: "default"
2024-07-27T17:18:20.186+05:30  INFO 229626 --- [pub-sub] [           main] faultConfiguringBeanFactoryPostProcessor : No bean named 'errorChannel' has been explicitly defined. Therefore, a default PublishSubscribeChannel will be created.
2024-07-27T17:18:20.194+05:30  INFO 229626 --- [pub-sub] [           main] faultConfiguringBeanFactoryPostProcessor : No bean named 'integrationHeaderChannelRegistry' has been explicitly defined. Therefore, a default DefaultHeaderChannelRegistry will be created.
2024-07-27T17:18:21.272+05:30  INFO 229626 --- [pub-sub] [           main] o.s.i.endpoint.EventDrivenConsumer       : Adding {logging-channel-adapter:_org.springframework.integration.errorLogger} as a subscriber to the 'errorChannel' channel
2024-07-27T17:18:21.273+05:30  INFO 229626 --- [pub-sub] [           main] o.s.i.channel.PublishSubscribeChannel    : Channel 'pub-sub.errorChannel' has 1 subscriber(s).
2024-07-27T17:18:21.273+05:30  INFO 229626 --- [pub-sub] [           main] o.s.i.endpoint.EventDrivenConsumer       : started bean '_org.springframework.integration.errorLogger'
2024-07-27T17:18:21.284+05:30  INFO 229626 --- [pub-sub] [           main] c.s.pub_sub.PubSubApplicationTests       : Started PubSubApplicationTests in 2.634 seconds (process running for 4.614)
]]></system-out>
  </testcase>
</testsuite>